TN:
SF:/Users/zhichao/Desktop/exp-solver/src/components/Hello.vue
FNF:0
FNH:0
DA:27,1
LF:1
LH:1
BRF:0
BRH:0
end_of_record
TN:
SF:/Users/zhichao/Desktop/exp-solver/src/App.vue
FNF:0
FNH:0
LF:0
LH:0
BRF:0
BRH:0
end_of_record
TN:
SF:/Users/zhichao/Desktop/exp-solver/src/components/common/citySelect/index.vue
FN:58,(anonymous_0)
FN:64,(anonymous_1)
FN:73,(anonymous_2)
FN:90,(anonymous_3)
FN:104,(anonymous_4)
FNF:5
FNH:0
FNDA:0,(anonymous_0)
FNDA:0,(anonymous_1)
FNDA:0,(anonymous_2)
FNDA:0,(anonymous_3)
FNDA:0,(anonymous_4)
DA:40,0
DA:54,0
DA:55,0
DA:56,0
DA:57,0
DA:58,0
DA:59,0
DA:61,0
DA:62,0
DA:64,0
DA:65,0
DA:67,0
DA:68,0
DA:73,0
DA:74,0
DA:76,0
DA:78,0
DA:80,0
DA:82,0
DA:83,0
DA:85,0
DA:87,0
DA:90,0
DA:91,0
DA:101,0
DA:104,0
DA:105,0
DA:107,0
LF:28
LH:0
BRDA:61,0,0,0
BRDA:61,0,1,0
BRDA:67,1,0,0
BRDA:67,1,1,0
BRDA:76,2,0,0
BRDA:76,2,1,0
BRDA:80,3,0,0
BRDA:80,3,1,0
BRF:8
BRH:0
end_of_record
TN:
SF:/Users/zhichao/Desktop/exp-solver/src/components/common/dialog/index.vue
FN:45,(anonymous_0)
FNF:1
FNH:0
FNDA:0,(anonymous_0)
DA:55,0
DA:56,0
DA:59,0
LF:3
LH:0
BRF:0
BRH:0
end_of_record
TN:
SF:/Users/zhichao/Desktop/exp-solver/src/components/common/mainPage.vue
FNF:0
FNH:0
LF:0
LH:0
BRF:0
BRH:0
end_of_record
TN:
SF:/Users/zhichao/Desktop/exp-solver/src/components/topMenu/index.vue
FNF:0
FNH:0
DA:107,0
DA:113,0
DA:118,0
DA:119,0
DA:122,0
DA:126,0
DA:127,0
LF:7
LH:0
BRDA:126,0,0,0
BRDA:126,0,1,0
BRF:2
BRH:0
end_of_record
TN:
SF:/Users/zhichao/Desktop/exp-solver/src/store/mutation-types.js
FNF:0
FNH:0
DA:5,1
DA:6,1
LF:2
LH:2
BRF:0
BRH:0
end_of_record
TN:
SF:/Users/zhichao/Desktop/exp-solver/src/config/index.js
FNF:0
FNH:0
DA:11,1
DA:12,0
DA:14,1
DA:17,1
LF:4
LH:3
BRDA:11,0,0,0
BRDA:11,0,1,1
BRF:2
BRH:1
end_of_record
TN:
SF:/Users/zhichao/Desktop/exp-solver/src/pages/homePage/index.vue
FNF:0
FNH:0
DA:47,0
DA:52,0
LF:2
LH:0
BRF:0
BRH:0
end_of_record
TN:
SF:/Users/zhichao/Desktop/exp-solver/src/pages/login/index.vue
FN:39,(anonymous_0)
FNF:1
FNH:0
FNDA:0,(anonymous_0)
DA:22,0
DA:29,0
DA:30,0
DA:33,0
DA:34,0
DA:38,0
DA:39,0
DA:40,0
LF:8
LH:0
BRF:0
BRH:0
end_of_record
TN:
SF:/Users/zhichao/Desktop/exp-solver/src/pages/login/signIn.vue
FN:56,(anonymous_0)
FN:59,(anonymous_1)
FNF:2
FNH:0
FNDA:0,(anonymous_0)
FNDA:0,(anonymous_1)
DA:46,0
DA:53,0
DA:57,0
DA:58,0
DA:60,0
DA:64,0
DA:67,0
LF:7
LH:0
BRF:0
BRH:0
end_of_record
TN:
SF:/Users/zhichao/Desktop/exp-solver/src/pages/login/signUp.vue
FNF:0
FNH:0
DA:96,0
DA:107,0
DA:108,0
DA:111,0
LF:4
LH:0
BRF:0
BRH:0
end_of_record
TN:
SF:/Users/zhichao/Desktop/exp-solver/src/pages/sharePlatform/shareCar.vue
FN:100,(anonymous_0)
FN:105,(anonymous_1)
FN:109,(anonymous_2)
FNF:3
FNH:0
FNDA:0,(anonymous_0)
FNDA:0,(anonymous_1)
FNDA:0,(anonymous_2)
DA:75,0
DA:88,0
DA:99,0
DA:100,0
DA:101,0
DA:106,0
DA:110,0
LF:7
LH:0
BRF:0
BRH:0
end_of_record
TN:
SF:/Users/zhichao/Desktop/exp-solver/src/pages/sharePlatform/shareDepot.vue
FN:99,(anonymous_0)
FN:104,(anonymous_1)
FN:108,(anonymous_2)
FNF:3
FNH:0
FNDA:0,(anonymous_0)
FNDA:0,(anonymous_1)
FNDA:0,(anonymous_2)
DA:75,0
DA:88,0
DA:98,0
DA:99,0
DA:100,0
DA:105,0
DA:109,0
LF:7
LH:0
BRF:0
BRH:0
end_of_record
TN:
SF:/Users/zhichao/Desktop/exp-solver/src/pages/transportation/children/transportDetail.vue
FN:48,(anonymous_0)
FNF:1
FNH:0
FNDA:0,(anonymous_0)
DA:37,0
DA:44,0
DA:48,0
DA:49,0
LF:4
LH:0
BRF:0
BRH:0
end_of_record
TN:
SF:/Users/zhichao/Desktop/exp-solver/src/pages/transportation/recommendPath.vue
FNF:0
FNH:0
DA:79,0
DA:95,0
LF:2
LH:0
BRF:0
BRH:0
end_of_record
TN:
SF:/Users/zhichao/Desktop/exp-solver/src/pages/transportation/transportRecord.vue
FN:58,(anonymous_0)
FNF:1
FNH:0
FNDA:0,(anonymous_0)
DA:51,0
DA:58,0
DA:59,0
LF:3
LH:0
BRF:0
BRH:0
end_of_record
TN:
SF:/Users/zhichao/Desktop/exp-solver/src/pages/transportation/uDplans.vue
FNF:0
FNH:0
DA:48,0
LF:1
LH:0
BRF:0
BRH:0
end_of_record
TN:
SF:/Users/zhichao/Desktop/exp-solver/src/pages/transportation/upDown.vue
FNF:0
FNH:0
DA:71,0
LF:1
LH:0
BRF:0
BRH:0
end_of_record
TN:
SF:/Users/zhichao/Desktop/exp-solver/src/pages/wareHouse/children/constructionChart.vue
FNF:0
FNH:0
DA:37,0
DA:40,0
DA:41,0
DA:43,0
DA:80,0
LF:5
LH:0
BRF:0
BRH:0
end_of_record
TN:
SF:/Users/zhichao/Desktop/exp-solver/src/pages/wareHouse/children/goodsDetail.vue
FN:47,(anonymous_0)
FNF:1
FNH:0
FNDA:0,(anonymous_0)
DA:36,0
DA:43,0
DA:47,0
DA:48,0
LF:4
LH:0
BRF:0
BRH:0
end_of_record
TN:
SF:/Users/zhichao/Desktop/exp-solver/src/pages/wareHouse/constructionPlan.vue
FNF:0
FNH:0
LF:0
LH:0
BRF:0
BRH:0
end_of_record
TN:
SF:/Users/zhichao/Desktop/exp-solver/src/pages/wareHouse/goodsRecord.vue
FN:53,(anonymous_0)
FNF:1
FNH:0
FNDA:0,(anonymous_0)
DA:48,0
DA:53,0
DA:54,0
LF:3
LH:0
BRF:0
BRH:0
end_of_record
TN:
SF:/Users/zhichao/Desktop/exp-solver/src/router/index.js
FN:8,(anonymous_0)
FN:8,(anonymous_1)
FN:10,(anonymous_2)
FN:10,(anonymous_3)
FN:11,(anonymous_4)
FN:11,(anonymous_5)
FN:12,(anonymous_6)
FN:12,(anonymous_7)
FN:14,(anonymous_8)
FN:14,(anonymous_9)
FN:15,(anonymous_10)
FN:15,(anonymous_11)
FN:17,(anonymous_12)
FN:17,(anonymous_13)
FN:18,(anonymous_14)
FN:18,(anonymous_15)
FN:19,(anonymous_16)
FN:19,(anonymous_17)
FN:20,(anonymous_18)
FN:20,(anonymous_19)
FN:21,(anonymous_20)
FN:21,(anonymous_21)
FN:23,(anonymous_22)
FN:23,(anonymous_23)
FN:24,(anonymous_24)
FN:24,(anonymous_25)
FN:25,(anonymous_26)
FN:25,(anonymous_27)
FN:26,(anonymous_28)
FN:26,(anonymous_29)
FN:135,(anonymous_30)
FN:136,(anonymous_31)
FNF:32
FNH:0
FNDA:0,(anonymous_0)
FNDA:0,(anonymous_1)
FNDA:0,(anonymous_2)
FNDA:0,(anonymous_3)
FNDA:0,(anonymous_4)
FNDA:0,(anonymous_5)
FNDA:0,(anonymous_6)
FNDA:0,(anonymous_7)
FNDA:0,(anonymous_8)
FNDA:0,(anonymous_9)
FNDA:0,(anonymous_10)
FNDA:0,(anonymous_11)
FNDA:0,(anonymous_12)
FNDA:0,(anonymous_13)
FNDA:0,(anonymous_14)
FNDA:0,(anonymous_15)
FNDA:0,(anonymous_16)
FNDA:0,(anonymous_17)
FNDA:0,(anonymous_18)
FNDA:0,(anonymous_19)
FNDA:0,(anonymous_20)
FNDA:0,(anonymous_21)
FNDA:0,(anonymous_22)
FNDA:0,(anonymous_23)
FNDA:0,(anonymous_24)
FNDA:0,(anonymous_25)
FNDA:0,(anonymous_26)
FNDA:0,(anonymous_27)
FNDA:0,(anonymous_28)
FNDA:0,(anonymous_29)
FNDA:0,(anonymous_30)
FNDA:0,(anonymous_31)
DA:8,1
DA:10,1
DA:11,1
DA:12,1
DA:14,1
DA:15,1
DA:17,1
DA:18,1
DA:19,1
DA:20,1
DA:21,1
DA:23,1
DA:24,1
DA:25,1
DA:26,1
DA:28,1
DA:30,1
DA:135,1
DA:136,0
DA:139,0
DA:140,0
DA:145,0
DA:148,0
LF:23
LH:18
BRDA:136,0,0,0
BRDA:136,0,1,0
BRDA:139,1,0,0
BRDA:139,1,1,0
BRF:4
BRH:0
end_of_record
TN:
SF:/Users/zhichao/Desktop/exp-solver/src/utils/auth.js
FNF:0
FNH:0
DA:8,0
DA:9,0
DA:12,0
DA:13,0
DA:16,0
LF:5
LH:0
BRF:0
BRH:0
end_of_record
TN:
SF:/Users/zhichao/Desktop/exp-solver/src/store/index.js
FNF:0
FNH:0
DA:7,1
DA:9,1
LF:2
LH:2
BRF:0
BRH:0
end_of_record
TN:
SF:/Users/zhichao/Desktop/exp-solver/src/store/actions.js
FNF:0
FNH:0
LF:0
LH:0
BRF:0
BRH:0
end_of_record
TN:
SF:/Users/zhichao/Desktop/exp-solver/src/store/getters.js
FNF:0
FNH:0
LF:0
LH:0
BRF:0
BRH:0
end_of_record
TN:
SF:/Users/zhichao/Desktop/exp-solver/src/store/mutations.js
FNF:0
FNH:0
DA:9,0
DA:10,0
DA:14,0
DA:15,0
LF:4
LH:0
BRDA:9,0,0,0
BRDA:9,0,1,0
BRDA:14,1,0,0
BRDA:14,1,1,0
BRF:4
BRH:0
end_of_record
TN:
SF:/Users/zhichao/Desktop/exp-solver/src/utils/constants.js
FNF:0
FNH:0
LF:0
LH:0
BRF:0
BRH:0
end_of_record
TN:
SF:/Users/zhichao/Desktop/exp-solver/src/service/apiList/index.js
FN:25,(anonymous_0)
FN:28,(anonymous_1)
FN:31,(anonymous_2)
FN:37,(anonymous_3)
FN:40,(anonymous_4)
FN:43,(anonymous_5)
FN:46,(anonymous_6)
FN:52,(anonymous_7)
FNF:8
FNH:0
FNDA:0,(anonymous_0)
FNDA:0,(anonymous_1)
FNDA:0,(anonymous_2)
FNDA:0,(anonymous_3)
FNDA:0,(anonymous_4)
FNDA:0,(anonymous_5)
FNDA:0,(anonymous_6)
FNDA:0,(anonymous_7)
DA:11,1
DA:12,1
DA:14,1
DA:18,1
DA:19,0
DA:20,0
DA:24,1
DA:26,0
DA:29,0
DA:32,0
DA:36,1
DA:38,0
DA:41,0
DA:44,0
DA:47,0
DA:51,1
DA:53,0
LF:17
LH:7
BRDA:18,0,0,0
BRDA:18,0,1,1
BRDA:18,1,0,1
BRDA:18,1,1,0
BRF:4
BRH:2
end_of_record
TN:
SF:/Users/zhichao/Desktop/exp-solver/src/utils/formateDate.js
FN:5,unixToTime
FNF:1
FNH:0
FNDA:0,unixToTime
DA:6,0
DA:8,0
DA:9,0
DA:10,0
DA:11,0
DA:12,0
DA:13,0
DA:14,0
DA:16,0
LF:9
LH:0
BRDA:10,0,0,0
BRDA:10,0,1,0
BRDA:11,1,0,0
BRDA:11,1,1,0
BRDA:12,2,0,0
BRDA:12,2,1,0
BRDA:13,3,0,0
BRDA:13,3,1,0
BRDA:14,4,0,0
BRDA:14,4,1,0
BRF:10
BRH:0
end_of_record
TN:
SF:/Users/zhichao/Desktop/exp-solver/src/service/mock/index.js
FN:4,intercepter
FNF:1
FNH:0
FNDA:0,intercepter
DA:6,0
DA:16,0
DA:46,0
DA:62,0
DA:72,0
DA:105,0
DA:120,0
DA:130,0
LF:8
LH:0
BRF:0
BRH:0
end_of_record
TN:
SF:/Users/zhichao/Desktop/exp-solver/src/service/index.js
FNF:0
FNH:0
DA:6,1
LF:1
LH:1
BRF:0
BRH:0
end_of_record
TN:
SF:/Users/zhichao/Desktop/exp-solver/src/utils/dialog.js
FN:14,plugin
FN:23,showDialog
FN:28,(anonymous_2)
FN:33,(anonymous_3)
FNF:4
FNH:0
FNDA:0,plugin
FNDA:0,showDialog
FNDA:0,(anonymous_2)
FNDA:0,(anonymous_3)
DA:9,1
DA:10,0
DA:13,1
DA:15,0
DA:16,0
DA:19,0
DA:20,0
DA:22,0
DA:24,0
DA:25,0
DA:26,0
DA:27,0
DA:28,0
DA:30,0
DA:33,0
DA:34,0
DA:35,0
DA:39,0
DA:40,0
LF:19
LH:2
BRDA:9,0,0,0
BRDA:9,0,1,1
BRDA:9,1,0,1
BRDA:9,1,1,1
BRDA:15,2,0,0
BRDA:15,2,1,0
BRDA:23,3,0,0
BRDA:23,4,0,0
BRDA:23,5,0,0
BRDA:23,6,0,0
BRDA:28,7,0,0
BRDA:28,7,1,0
BRDA:34,8,0,0
BRDA:34,8,1,0
BRF:14
BRH:3
end_of_record
TN:
SF:/Users/zhichao/Desktop/exp-solver/src/utils/globalConfig.js
FN:12,plugin
FNF:1
FNH:0
FNDA:0,plugin
DA:14,0
DA:17,0
DA:20,0
DA:23,0
DA:26,0
DA:29,0
DA:31,0
DA:34,0
LF:8
LH:0
BRF:0
BRH:0
end_of_record
